<?xml version="1.0" encoding="UTF-8"?>
<!-- Generated by org.testng.reporters.JUnitReportReporter -->
<testsuite skipped="0" hostname="DESKTOP-8FBO8MG" name="com.test.AnnotationsTest" tests="1" failures="0" timestamp="2019-12-18T15:27:46 CST" time="0.006" errors="0">
  <testcase name="testTitle" time="0.006" classname="com.test.AnnotationsTest"/>
</testsuite> <!-- com.test.AnnotationsTest -->
